<?xml version="1.0" encoding="UTF-8"?>
<!-- Generated by org.testng.reporters.JUnitReportReporter -->
<testsuite hostname="DESKTOP-SV9CFRI" failures="0" tests="1" name="com.herokuapp.theinternet.horizontalslidertests.HorizontalSliderTests" time="35.355" errors="0" timestamp="2023-08-28T16:40:16 IST" skipped="0">
  <testcase classname="com.herokuapp.theinternet.horizontalslidertests.HorizontalSliderTests" name="sliderTest" time="35.355"/>
</testsuite> <!-- com.herokuapp.theinternet.horizontalslidertests.HorizontalSliderTests -->
