<?xml version="1.0" encoding="UTF-8"?>
<!-- Generated by org.testng.reporters.JUnitReportReporter -->
<testsuite hostname="DESKTOP-SV9CFRI" failures="0" tests="2" name="com.herokuapp.theinternet.uploadtests.UploadTests" time="20.164" errors="0" timestamp="2023-09-01T12:38:25 IST" skipped="0">
  <testcase classname="com.herokuapp.theinternet.uploadtests.UploadTests" name="fileUploadTest" time="12.070"/>
  <testcase classname="com.herokuapp.theinternet.uploadtests.UploadTests" name="fileUploadTest" time="8.094"/>
</testsuite> <!-- com.herokuapp.theinternet.uploadtests.UploadTests -->
