<?xml version="1.0" encoding="UTF-8"?>
<!-- Generated by org.testng.reporters.JUnitReportReporter -->
<testsuite hostname="DESKTOP-SV9CFRI" failures="0" tests="1" name="com.herokuapp.theinternet.draganddroptests.DragAndDropTests" time="23.788" errors="0" timestamp="2023-08-28T15:51:49 IST" skipped="0">
  <testcase classname="com.herokuapp.theinternet.draganddroptests.DragAndDropTests" name="dragAToBTest" time="23.788"/>
</testsuite> <!-- com.herokuapp.theinternet.draganddroptests.DragAndDropTests -->
