<?xml version="1.0" encoding="UTF-8"?>
<!-- Generated by org.testng.reporters.JUnitReportReporter -->
<testsuite hostname="DESKTOP-SV9CFRI" failures="0" tests="1" name="com.herokuapp.theinternet.editortests.EditorTests" time="74.245" errors="0" timestamp="2023-08-28T15:18:28 IST" skipped="0">
  <testcase classname="com.herokuapp.theinternet.editortests.EditorTests" name="defaultEditorValueTest" time="74.245"/>
</testsuite> <!-- com.herokuapp.theinternet.editortests.EditorTests -->
