<?xml version="1.0" encoding="UTF-8"?>
<!-- Generated by org.testng.reporters.JUnitReportReporter -->
<testsuite hostname="DESKTOP-SV9CFRI" failures="0" tests="2" name="com.herokuapp.theinternet.keypressestests.KeyPressesTests" time="72.707" errors="0" timestamp="2023-08-27T19:52:53 IST" skipped="0">
  <testcase classname="com.herokuapp.theinternet.keypressestests.KeyPressesTests" name="pressKeyTest" time="28.585"/>
  <testcase classname="com.herokuapp.theinternet.keypressestests.KeyPressesTests" name="pressKeyWithActionsTest" time="44.122"/>
</testsuite> <!-- com.herokuapp.theinternet.keypressestests.KeyPressesTests -->
