<?xml version="1.0" encoding="UTF-8"?>
<!-- Generated by org.testng.reporters.JUnitReportReporter -->
<testsuite hostname="DESKTOP-SV9CFRI" failures="0" tests="1" name="com.herokuapp.theinternet.hoverstests.HoversTests" time="36.453" errors="0" timestamp="2023-08-28T16:21:51 IST" skipped="0">
  <testcase classname="com.herokuapp.theinternet.hoverstests.HoversTests" name="user2ProfileTest" time="36.453"/>
</testsuite> <!-- com.herokuapp.theinternet.hoverstests.HoversTests -->
