<?xml version="1.0" encoding="UTF-8"?>
<!-- Generated by org.testng.reporters.JUnitReportReporter -->
<testsuite hostname="DESKTOP-SV9CFRI" failures="0" tests="1" name="com.herokuapp.theinternet.windowstests.WindowsTests" time="53.954" errors="0" timestamp="2023-08-27T18:57:37 IST" skipped="0">
  <testcase classname="com.herokuapp.theinternet.windowstests.WindowsTests" name="newWindowTest" time="53.954"/>
</testsuite> <!-- com.herokuapp.theinternet.windowstests.WindowsTests -->
